<?xml version="1.0" encoding="UTF-8"?>
<testng-results skipped="0" failed="0" total="1" passed="1">
  <reporter-output>
  </reporter-output>
  <suite name="Default suite" duration-ms="57" started-at="2016-08-15T06:31:57Z" finished-at="2016-08-15T06:31:57Z">
    <groups>
    </groups>
    <test name="Default test" duration-ms="57" started-at="2016-08-15T06:31:57Z" finished-at="2016-08-15T06:31:57Z">
      <class name="aug2016.NewTest15August">
        <test-method status="PASS" signature="f()[pri:0, instance:aug2016.NewTest15August@4b5d6a01]" name="f" duration-ms="19" started-at="2016-08-15T12:01:57Z" finished-at="2016-08-15T12:01:57Z">
          <reporter-output>
          </reporter-output>
        </test-method> <!-- f -->
      </class> <!-- aug2016.NewTest15August -->
    </test> <!-- Default test -->
  </suite> <!-- Default suite -->
</testng-results>
